# JRE version: OpenJDK Runtime Environment Temurin-21.0.8+9 (21.0.8+9) (build 21.0.8+9-LTS)
# Java VM: OpenJDK 64-Bit Server VM Temurin-21.0.8+9 (21.0.8+9-LTS, mixed mode, emulated-client, sharing, tiered, compressed oops, compressed class ptrs, g1 gc, windows-amd64)
GC Precious Log:
 CardTable entry size: 512
 Card Set container configuration: InlinePtr #cards 4 size 8 Array Of Cards #cards 16 size 48 Howl #buckets 8 coarsen threshold 3686 Howl Bitmap #cards 512 size 80 coarsen threshold 460 Card regions per heap region 1 cards per card region 4096
 CPUs: 12 total, 12 available
 Memory: 16068M
 Large Page Support: Disabled
 NUMA Support: Disabled
 Compressed Oops: Enabled (Zero based)
 Heap Region Size: 2M
 Heap Min Capacity: 8M
 Heap Initial Capacity: 252M
 Heap Max Capacity: 4018M
 Pre-touch: Disabled
 Parallel Workers: 10
 Concurrent Workers: 3
 Concurrent Refinement Workers: 10
 Periodic GC: Disabled
Heap:
 garbage-first heap   total 122880K, used 84689K [0x0000000704e00000, 0x0000000800000000)
  region size 2048K, 27 young (55296K), 4 survivors (8192K)
 Metaspace       used 81826K, committed 82624K, reserved 1179648K
  class space    used 11351K, committed 11712K, reserved 1048576K
GC Heap History (20 events):
Event: 5.031 GC heap before
{Heap before GC invocations=11 (full 0):
 garbage-first heap   total 94208K, used 70657K [0x0000000704e00000, 0x0000000800000000)
  region size 2048K, 27 young (55296K), 5 survivors (10240K)
 Metaspace       used 39980K, committed 40576K, reserved 1114112K
  class space    used 5596K, committed 5888K, reserved 1048576K
}
Event: 5.041 GC heap after
{Heap after GC invocations=12 (full 0):
 garbage-first heap   total 94208K, used 24828K [0x0000000704e00000, 0x0000000800000000)
  region size 2048K, 2 young (4096K), 2 survivors (4096K)
 Metaspace       used 39980K, committed 40576K, reserved 1114112K
  class space    used 5596K, committed 5888K, reserved 1048576K
}
Event: 5.622 GC heap before
{Heap before GC invocations=12 (full 0):
 garbage-first heap   total 94208K, used 76028K [0x0000000704e00000, 0x0000000800000000)
  region size 2048K, 27 young (55296K), 2 survivors (4096K)
 Metaspace       used 45215K, committed 45824K, reserved 1114112K
  class space    used 6292K, committed 6592K, reserved 1048576K
}
Event: 5.628 GC heap after
{Heap after GC invocations=13 (full 0):
 garbage-first heap   total 120832K, used 26737K [0x0000000704e00000, 0x0000000800000000)
  region size 2048K, 3 young (6144K), 3 survivors (6144K)
 Metaspace       used 45215K, committed 45824K, reserved 1114112K
  class space    used 6292K, committed 6592K, reserved 1048576K
}
Event: 6.160 GC heap before
{Heap before GC invocations=13 (full 0):
 garbage-first heap   total 120832K, used 90225K [0x0000000704e00000, 0x0000000800000000)
  region size 2048K, 35 young (71680K), 3 survivors (6144K)
 Metaspace       used 51671K, committed 52288K, reserved 1114112K
  class space    used 7261K, committed 7552K, reserved 1048576K
}
Event: 6.169 GC heap after
{Heap after GC invocations=14 (full 0):
 garbage-first heap   total 120832K, used 28951K [0x0000000704e00000, 0x0000000800000000)
  region size 2048K, 3 young (6144K), 3 survivors (6144K)
 Metaspace       used 51671K, committed 52288K, reserved 1114112K
  class space    used 7261K, committed 7552K, reserved 1048576K
}
Event: 6.209 GC heap before
{Heap before GC invocations=14 (full 0):
 garbage-first heap   total 120832K, used 33047K [0x0000000704e00000, 0x0000000800000000)
  region size 2048K, 6 young (12288K), 3 survivors (6144K)
 Metaspace       used 52390K, committed 52928K, reserved 1114112K
  class space    used 7308K, committed 7552K, reserved 1048576K
}
Event: 6.216 GC heap after
{Heap after GC invocations=15 (full 0):
 garbage-first heap   total 120832K, used 29299K [0x0000000704e00000, 0x0000000800000000)
  region size 2048K, 3 young (6144K), 3 survivors (6144K)
 Metaspace       used 52390K, committed 52928K, reserved 1114112K
  class space    used 7308K, committed 7552K, reserved 1048576K
}
Event: 6.658 GC heap before
{Heap before GC invocations=16 (full 0):
 garbage-first heap   total 102400K, used 84595K [0x0000000704e00000, 0x0000000800000000)
  region size 2048K, 30 young (61440K), 3 survivors (6144K)
 Metaspace       used 56592K, committed 57216K, reserved 1114112K
  class space    used 8096K, committed 8384K, reserved 1048576K
}
Event: 6.665 GC heap after
{Heap after GC invocations=17 (full 0):
 garbage-first heap   total 102400K, used 30614K [0x0000000704e00000, 0x0000000800000000)
  region size 2048K, 2 young (4096K), 2 survivors (4096K)
 Metaspace       used 56592K, committed 57216K, reserved 1114112K
  class space    used 8096K, committed 8384K, reserved 1048576K
}
Event: 7.631 GC heap before
{Heap before GC invocations=17 (full 0):
 garbage-first heap   total 102400K, used 87958K [0x0000000704e00000, 0x0000000800000000)
  region size 2048K, 30 young (61440K), 2 survivors (4096K)
 Metaspace       used 61754K, committed 62400K, reserved 1114112K
  class space    used 8810K, committed 9088K, reserved 1048576K
}
Event: 7.642 GC heap after
{Heap after GC invocations=18 (full 0):
 garbage-first heap   total 122880K, used 31117K [0x0000000704e00000, 0x0000000800000000)
  region size 2048K, 3 young (6144K), 3 survivors (6144K)
 Metaspace       used 61754K, committed 62400K, reserved 1114112K
  class space    used 8810K, committed 9088K, reserved 1048576K
}
Event: 8.206 GC heap before
{Heap before GC invocations=18 (full 0):
 garbage-first heap   total 122880K, used 98701K [0x0000000704e00000, 0x0000000800000000)
  region size 2048K, 36 young (73728K), 3 survivors (6144K)
 Metaspace       used 64196K, committed 64896K, reserved 1114112K
  class space    used 9145K, committed 9472K, reserved 1048576K
}
Event: 8.211 GC heap after
{Heap after GC invocations=19 (full 0):
 garbage-first heap   total 122880K, used 35669K [0x0000000704e00000, 0x0000000800000000)
  region size 2048K, 5 young (10240K), 5 survivors (10240K)
 Metaspace       used 64196K, committed 64896K, reserved 1114112K
  class space    used 9145K, committed 9472K, reserved 1048576K
}
Event: 11.357 GC heap before
{Heap before GC invocations=19 (full 0):
 garbage-first heap   total 122880K, used 99157K [0x0000000704e00000, 0x0000000800000000)
  region size 2048K, 36 young (73728K), 5 survivors (10240K)
 Metaspace       used 66918K, committed 67712K, reserved 1114112K
  class space    used 9544K, committed 9920K, reserved 1048576K
}
Event: 11.363 GC heap after
{Heap after GC invocations=20 (full 0):
 garbage-first heap   total 122880K, used 38177K [0x0000000704e00000, 0x0000000800000000)
  region size 2048K, 4 young (8192K), 4 survivors (8192K)
 Metaspace       used 66918K, committed 67712K, reserved 1114112K
  class space    used 9544K, committed 9920K, reserved 1048576K
}
Event: 63.478 GC heap before
{Heap before GC invocations=20 (full 0):
 garbage-first heap   total 122880K, used 101665K [0x0000000704e00000, 0x0000000800000000)
  region size 2048K, 36 young (73728K), 4 survivors (8192K)
 Metaspace       used 72224K, committed 72960K, reserved 1114112K
  class space    used 10246K, committed 10560K, reserved 1048576K
}
Event: 63.489 GC heap after
{Heap after GC invocations=21 (full 0):
 garbage-first heap   total 122880K, used 39969K [0x0000000704e00000, 0x0000000800000000)
  region size 2048K, 3 young (6144K), 3 survivors (6144K)
 Metaspace       used 72224K, committed 72960K, reserved 1114112K
  class space    used 10246K, committed 10560K, reserved 1048576K
}
Event: 72.592 GC heap before
{Heap before GC invocations=21 (full 0):
 garbage-first heap   total 122880K, used 85025K [0x0000000704e00000, 0x0000000800000000)
  region size 2048K, 27 young (55296K), 3 survivors (6144K)
 Metaspace       used 75672K, committed 76480K, reserved 1179648K
  class space    used 10758K, committed 11136K, reserved 1048576K
}
Event: 72.608 GC heap after
{Heap after GC invocations=22 (full 0):
 garbage-first heap   total 122880K, used 41681K [0x0000000704e00000, 0x0000000800000000)
  region size 2048K, 4 young (8192K), 4 survivors (8192K)
 Metaspace       used 75672K, committed 76480K, reserved 1179648K
  class space    used 10758K, committed 11136K, reserved 1048576K
}

