# JRE version: OpenJDK Runtime Environment Temurin-21.0.8+9 (21.0.8+9) (build 21.0.8+9-LTS)
# Java VM: OpenJDK 64-Bit Server VM Temurin-21.0.8+9 (21.0.8+9-LTS, mixed mode, emulated-client, sharing, tiered, compressed oops, compressed class ptrs, g1 gc, windows-amd64)
GC Precious Log:
 CardTable entry size: 512
 Card Set container configuration: InlinePtr #cards 4 size 8 Array Of Cards #cards 16 size 48 Howl #buckets 8 coarsen threshold 3686 Howl Bitmap #cards 512 size 80 coarsen threshold 460 Card regions per heap region 1 cards per card region 4096
 CPUs: 12 total, 12 available
 Memory: 16068M
 Large Page Support: Disabled
 NUMA Support: Disabled
 Compressed Oops: Enabled (Zero based)
 Heap Region Size: 2M
 Heap Min Capacity: 8M
 Heap Initial Capacity: 252M
 Heap Max Capacity: 4018M
 Pre-touch: Disabled
 Parallel Workers: 10
 Concurrent Workers: 3
 Concurrent Refinement Workers: 10
 Periodic GC: Disabled
Heap:
 garbage-first heap   total 122880K, used 98931K [0x0000000704e00000, 0x0000000800000000)
  region size 2048K, 33 young (67584K), 3 survivors (6144K)
 Metaspace       used 80437K, committed 81152K, reserved 1179648K
  class space    used 11115K, committed 11456K, reserved 1048576K
GC Heap History (20 events):
Event: 2.998 GC heap before
{Heap before GC invocations=11 (full 0):
 garbage-first heap   total 75776K, used 60629K [0x0000000704e00000, 0x0000000800000000)
  region size 2048K, 22 young (45056K), 3 survivors (6144K)
 Metaspace       used 34638K, committed 35200K, reserved 1114112K
  class space    used 4814K, committed 5056K, reserved 1048576K
}
Event: 3.009 GC heap after
{Heap after GC invocations=12 (full 0):
 garbage-first heap   total 75776K, used 24055K [0x0000000704e00000, 0x0000000800000000)
  region size 2048K, 2 young (4096K), 2 survivors (4096K)
 Metaspace       used 34638K, committed 35200K, reserved 1114112K
  class space    used 4814K, committed 5056K, reserved 1048576K
}
Event: 3.341 GC heap before
{Heap before GC invocations=12 (full 0):
 garbage-first heap   total 75776K, used 60919K [0x0000000704e00000, 0x0000000800000000)
  region size 2048K, 21 young (43008K), 2 survivors (4096K)
 Metaspace       used 37481K, committed 38080K, reserved 1114112K
  class space    used 5215K, committed 5504K, reserved 1048576K
}
Event: 3.349 GC heap after
{Heap after GC invocations=13 (full 0):
 garbage-first heap   total 75776K, used 24871K [0x0000000704e00000, 0x0000000800000000)
  region size 2048K, 2 young (4096K), 2 survivors (4096K)
 Metaspace       used 37481K, committed 38080K, reserved 1114112K
  class space    used 5215K, committed 5504K, reserved 1048576K
}
Event: 3.672 GC heap before
{Heap before GC invocations=13 (full 0):
 garbage-first heap   total 75776K, used 63783K [0x0000000704e00000, 0x0000000800000000)
  region size 2048K, 21 young (43008K), 2 survivors (4096K)
 Metaspace       used 41329K, committed 41920K, reserved 1114112K
  class space    used 5824K, committed 6080K, reserved 1048576K
}
Event: 3.680 GC heap after
{Heap after GC invocations=14 (full 0):
 garbage-first heap   total 102400K, used 25938K [0x0000000704e00000, 0x0000000800000000)
  region size 2048K, 1 young (2048K), 1 survivors (2048K)
 Metaspace       used 41329K, committed 41920K, reserved 1114112K
  class space    used 5824K, committed 6080K, reserved 1048576K
}
Event: 4.141 GC heap before
{Heap before GC invocations=14 (full 0):
 garbage-first heap   total 102400K, used 85330K [0x0000000704e00000, 0x0000000800000000)
  region size 2048K, 30 young (61440K), 1 survivors (2048K)
 Metaspace       used 47278K, committed 47872K, reserved 1114112K
  class space    used 6575K, committed 6848K, reserved 1048576K
}
Event: 4.147 GC heap after
{Heap after GC invocations=15 (full 0):
 garbage-first heap   total 102400K, used 28851K [0x0000000704e00000, 0x0000000800000000)
  region size 2048K, 3 young (6144K), 3 survivors (6144K)
 Metaspace       used 47278K, committed 47872K, reserved 1114112K
  class space    used 6575K, committed 6848K, reserved 1048576K
}
Event: 4.538 GC heap before
{Heap before GC invocations=15 (full 0):
 garbage-first heap   total 102400K, used 75955K [0x0000000704e00000, 0x0000000800000000)
  region size 2048K, 27 young (55296K), 3 survivors (6144K)
 Metaspace       used 52370K, committed 52928K, reserved 1114112K
  class space    used 7309K, committed 7552K, reserved 1048576K
}
Event: 4.545 GC heap after
{Heap after GC invocations=16 (full 0):
 garbage-first heap   total 102400K, used 30497K [0x0000000704e00000, 0x0000000800000000)
  region size 2048K, 3 young (6144K), 3 survivors (6144K)
 Metaspace       used 52370K, committed 52928K, reserved 1114112K
  class space    used 7309K, committed 7552K, reserved 1048576K
}
Event: 4.974 GC heap before
{Heap before GC invocations=17 (full 0):
 garbage-first heap   total 102400K, used 85793K [0x0000000704e00000, 0x0000000800000000)
  region size 2048K, 30 young (61440K), 3 survivors (6144K)
 Metaspace       used 56598K, committed 57216K, reserved 1114112K
  class space    used 8099K, committed 8384K, reserved 1048576K
}
Event: 4.981 GC heap after
{Heap after GC invocations=18 (full 0):
 garbage-first heap   total 102400K, used 31549K [0x0000000704e00000, 0x0000000800000000)
  region size 2048K, 3 young (6144K), 3 survivors (6144K)
 Metaspace       used 56598K, committed 57216K, reserved 1114112K
  class space    used 8099K, committed 8384K, reserved 1048576K
}
Event: 5.726 GC heap before
{Heap before GC invocations=18 (full 0):
 garbage-first heap   total 102400K, used 86845K [0x0000000704e00000, 0x0000000800000000)
  region size 2048K, 30 young (61440K), 3 survivors (6144K)
 Metaspace       used 61595K, committed 62272K, reserved 1114112K
  class space    used 8782K, committed 9088K, reserved 1048576K
}
Event: 5.734 GC heap after
{Heap after GC invocations=19 (full 0):
 garbage-first heap   total 122880K, used 32750K [0x0000000704e00000, 0x0000000800000000)
  region size 2048K, 2 young (4096K), 2 survivors (4096K)
 Metaspace       used 61595K, committed 62272K, reserved 1114112K
  class space    used 8782K, committed 9088K, reserved 1048576K
}
Event: 6.170 GC heap before
{Heap before GC invocations=19 (full 0):
 garbage-first heap   total 122880K, used 102382K [0x0000000704e00000, 0x0000000800000000)
  region size 2048K, 36 young (73728K), 2 survivors (4096K)
 Metaspace       used 64202K, committed 64896K, reserved 1114112K
  class space    used 9149K, committed 9472K, reserved 1048576K
}
Event: 6.175 GC heap after
{Heap after GC invocations=20 (full 0):
 garbage-first heap   total 122880K, used 36543K [0x0000000704e00000, 0x0000000800000000)
  region size 2048K, 4 young (8192K), 4 survivors (8192K)
 Metaspace       used 64202K, committed 64896K, reserved 1114112K
  class space    used 9149K, committed 9472K, reserved 1048576K
}
Event: 8.316 GC heap before
{Heap before GC invocations=20 (full 0):
 garbage-first heap   total 122880K, used 102079K [0x0000000704e00000, 0x0000000800000000)
  region size 2048K, 36 young (73728K), 4 survivors (8192K)
 Metaspace       used 67058K, committed 67840K, reserved 1114112K
  class space    used 9561K, committed 9920K, reserved 1048576K
}
Event: 8.323 GC heap after
{Heap after GC invocations=21 (full 0):
 garbage-first heap   total 122880K, used 39276K [0x0000000704e00000, 0x0000000800000000)
  region size 2048K, 4 young (8192K), 4 survivors (8192K)
 Metaspace       used 67058K, committed 67840K, reserved 1114112K
  class space    used 9561K, committed 9920K, reserved 1048576K
}
Event: 12.140 GC heap before
{Heap before GC invocations=21 (full 0):
 garbage-first heap   total 122880K, used 102764K [0x0000000704e00000, 0x0000000800000000)
  region size 2048K, 36 young (73728K), 4 survivors (8192K)
 Metaspace       used 72512K, committed 73280K, reserved 1114112K
  class space    used 10290K, committed 10688K, reserved 1048576K
}
Event: 12.147 GC heap after
{Heap after GC invocations=22 (full 0):
 garbage-first heap   total 122880K, used 41587K [0x0000000704e00000, 0x0000000800000000)
  region size 2048K, 3 young (6144K), 3 survivors (6144K)
 Metaspace       used 72512K, committed 73280K, reserved 1114112K
  class space    used 10290K, committed 10688K, reserved 1048576K
}

